<?xml version="1.0" encoding="UTF-8"?>
<!-- Generated by org.testng.reporters.JUnitReportReporter -->
<testsuite hostname="Yesh" failures="0" tests="1" name="com.qa.rest.postaction.PostAPIWithPOJO" time="3.184" errors="0" timestamp="20 Oct 2021 06:06:13 GMT" skipped="0">
  <testcase classname="com.qa.rest.postaction.PostAPIWithPOJO" name="createUser_With_POJO_Test" time="3.184"/>
</testsuite> <!-- com.qa.rest.postaction.PostAPIWithPOJO -->
