<?xml version="1.0" encoding="UTF-8"?>
<!-- Generated by org.testng.reporters.JUnitReportReporter -->
<testsuite hostname="Yesh" failures="0" tests="5" name="com.qa.rest.authUtil.RestBasicAuthUtil" time="5.623" errors="0" timestamp="19 Oct 2021 00:19:55 GMT" skipped="0">
  <testcase classname="com.qa.rest.authUtil.RestBasicAuthUtil" name="basicAuthRestcall" time="0.493"/>
  <testcase classname="com.qa.rest.authUtil.RestBasicAuthUtil" name="auth2WithTokenHeader" time="1.574"/>
  <testcase classname="com.qa.rest.authUtil.RestBasicAuthUtil" name="getAuth2TokenFromAPI" time="0.611"/>
  <testcase classname="com.qa.rest.authUtil.RestBasicAuthUtil" name="auth2RestCall" time="2.725"/>
  <testcase classname="com.qa.rest.authUtil.RestBasicAuthUtil" name="usingAuth2Token" time="0.220"/>
</testsuite> <!-- com.qa.rest.authUtil.RestBasicAuthUtil -->
