<?xml version="1.0" encoding="UTF-8"?>
<!-- Generated by org.testng.reporters.JUnitReportReporter -->
<testsuite hostname="Yesh" failures="0" tests="2" name="com.qa.rest.getaction.RestGetAction" time="2.374" errors="0" timestamp="18 Oct 2021 05:42:18 GMT" skipped="0">
  <testcase classname="com.qa.rest.getaction.RestGetAction" name="getResponse" time="0.642"/>
  <testcase classname="com.qa.rest.getaction.RestGetAction" name="getData" time="1.732"/>
</testsuite> <!-- com.qa.rest.getaction.RestGetAction -->
