<?xml version="1.0" encoding="UTF-8"?>
<!-- Generated by org.testng.reporters.JUnitReportReporter -->
<testsuite hostname="Yesh" failures="0" tests="2" name="com.qa.rest.postaction.PostActionBDD" time="3.538" errors="0" timestamp="19 Oct 2021 01:10:28 GMT" skipped="0">
  <testcase classname="com.qa.rest.postaction.PostActionBDD" name="postActionPassingAsBody" time="2.547"/>
  <testcase classname="com.qa.rest.postaction.PostActionBDD" name="postActionPassingBodyAsFile" time="0.991"/>
</testsuite> <!-- com.qa.rest.postaction.PostActionBDD -->
