<?xml version="1.0" encoding="UTF-8"?>
<!-- Generated by org.testng.reporters.JUnitReportReporter -->
<testsuite hostname="Yesh" failures="0" tests="1" name="com.qa.rest.postaction.ResponseSpecBuilderUtil" time="2.216" errors="0" timestamp="19 Oct 2021 00:47:33 GMT" skipped="0">
  <testcase classname="com.qa.rest.postaction.ResponseSpecBuilderUtil" name="ResponseSpecTest" time="2.216"/>
</testsuite> <!-- com.qa.rest.postaction.ResponseSpecBuilderUtil -->
