<?xml version="1.0" encoding="UTF-8"?>
<!-- Generated by org.testng.reporters.JUnitReportReporter -->
<testsuite hostname="Yesh" failures="0" tests="1" name="com.qa.rest.schema.ValidateSchemaTest" time="2.481" errors="0" timestamp="20 Oct 2021 02:08:36 GMT" skipped="0">
  <testcase classname="com.qa.rest.schema.ValidateSchemaTest" name="booking_schema_Test" time="2.481"/>
</testsuite> <!-- com.qa.rest.schema.ValidateSchemaTest -->
